<?xml version="1.0" encoding="UTF-8"?>
<!-- Generated by org.testng.reporters.JUnitReportReporter -->
<testsuite hostname="DESKTOP-89I85RC" failures="0" tests="5" name="testcase.GoogleHomeTest" time="0.327" errors="0" timestamp="2023-03-21T00:36:18 IST" skipped="0">
  <testcase classname="testcase.GoogleHomeTest" name="getCountry" time="0.056"/>
  <system-out/>
  <testcase classname="testcase.GoogleHomeTest" name="getCountry" time="0.079"/>
  <system-out/>
  <testcase classname="testcase.GoogleHomeTest" name="getCountry" time="0.056"/>
  <system-out/>
  <testcase classname="testcase.GoogleHomeTest" name="getCountry" time="0.084"/>
  <system-out/>
  <testcase classname="testcase.GoogleHomeTest" name="getCountry" time="0.052"/>
  <system-out/>
</testsuite> <!-- testcase.GoogleHomeTest -->
