<?xml version="1.0" encoding="UTF-8"?>
<!-- Generated by org.testng.reporters.JUnitReportReporter -->
<testsuite hostname="DESKTOP-89I85RC" failures="0" tests="5" name="GoogleHomeTest" time="1.376" errors="0" timestamp="2023-03-19T01:27:16 IST" skipped="0">
  <testcase classname="GoogleHomeTest" name="getCountry" time="0.229"/>
  <system-out/>
  <testcase classname="GoogleHomeTest" name="getCountry" time="0.084"/>
  <system-out/>
  <testcase classname="GoogleHomeTest" name="getCountry" time="0.323"/>
  <system-out/>
  <testcase classname="GoogleHomeTest" name="getCountry" time="0.407"/>
  <system-out/>
  <testcase classname="GoogleHomeTest" name="getCountry" time="0.333"/>
  <system-out/>
</testsuite> <!-- GoogleHomeTest -->
