<?xml version="1.0" encoding="UTF-8"?>
<!-- Generated by org.testng.reporters.JUnitReportReporter -->
<testsuite hostname="DESKTOP-89I85RC" failures="0" tests="5" name="testcase.GoogleHomeTest" time="0.738" errors="0" timestamp="2023-03-21T02:16:05 IST" skipped="0">
  <testcase classname="testcase.GoogleHomeTest" name="getCountry" time="0.142"/>
  <system-out/>
  <testcase classname="testcase.GoogleHomeTest" name="getCountry" time="0.120"/>
  <system-out/>
  <testcase classname="testcase.GoogleHomeTest" name="getCountry" time="0.160"/>
  <system-out/>
  <testcase classname="testcase.GoogleHomeTest" name="getCountry" time="0.139"/>
  <system-out/>
  <testcase classname="testcase.GoogleHomeTest" name="getCountry" time="0.177"/>
  <system-out/>
</testsuite> <!-- testcase.GoogleHomeTest -->
