<?xml version="1.0" encoding="UTF-8"?>
<!-- Generated by org.testng.reporters.JUnitReportReporter -->
<testsuite hostname="DESKTOP-89I85RC" failures="0" tests="5" name="testcase.GoogleHomeTest" time="0.504" errors="0" timestamp="2023-03-25T15:42:49 IST" skipped="0">
  <testcase classname="testcase.GoogleHomeTest" name="getCountry" time="0.095"/>
  <system-out/>
  <testcase classname="testcase.GoogleHomeTest" name="getCountry" time="0.114"/>
  <system-out/>
  <testcase classname="testcase.GoogleHomeTest" name="getCountry" time="0.104"/>
  <system-out/>
  <testcase classname="testcase.GoogleHomeTest" name="getCountry" time="0.082"/>
  <system-out/>
  <testcase classname="testcase.GoogleHomeTest" name="getCountry" time="0.109"/>
  <system-out/>
</testsuite> <!-- testcase.GoogleHomeTest -->
